<?xml version="1.0" encoding="UTF-8"?>
<testng-results ignored="0" total="1" passed="1" failed="0" skipped="0">
  <reporter-output>
  </reporter-output>
  <suite started-at="2023-06-19T12:06:32 IST" name="Default suite" finished-at="2023-06-19T12:06:47 IST" duration-ms="15229">
    <groups>
    </groups>
    <test started-at="2023-06-19T12:06:32 IST" name="Default test" finished-at="2023-06-19T12:06:47 IST" duration-ms="15229">
      <class name="test.RegisterationTest">
        <test-method is-config="true" signature="classLevelSetup()[pri:0, instance:test.RegisterationTest@7ce69770]" started-at="2023-06-19T12:06:32 IST" name="classLevelSetup" finished-at="2023-06-19T12:06:34 IST" duration-ms="2613" status="PASS">
          <reporter-output>
          </reporter-output>
        </test-method> <!-- classLevelSetup -->
        <test-method is-config="true" signature="methodLevelSetup1()[pri:0, instance:test.RegisterationTest@7ce69770]" started-at="2023-06-19T12:06:36 IST" name="methodLevelSetup1" finished-at="2023-06-19T12:06:36 IST" duration-ms="33" status="PASS">
          <reporter-output>
          </reporter-output>
        </test-method> <!-- methodLevelSetup1 -->
        <test-method signature="validRegisterationTest(java.lang.String,java.lang.String,java.lang.String,java.lang.String,java.lang.String,java.lang.String)[pri:0, instance:test.RegisterationTest@7ce69770]" started-at="2023-06-19T12:06:36 IST" name="validRegisterationTest" data-provider="data" finished-at="2023-06-19T12:06:47 IST" duration-ms="10706" status="PASS">
          <params>
            <param index="0">
              <value>
                <![CDATA[Test]]>
              </value>
            </param>
            <param index="1">
              <value>
                <![CDATA[Dave098]]>
              </value>
            </param>
            <param index="2">
              <value>
                <![CDATA[test098@yopmail.com]]>
              </value>
            </param>
            <param index="3">
              <value>
                <![CDATA[dave.098]]>
              </value>
            </param>
            <param index="4">
              <value>
                <![CDATA[dave.098]]>
              </value>
            </param>
            <param index="5">
              <value>
                <![CDATA[Male]]>
              </value>
            </param>
          </params>
          <reporter-output>
          </reporter-output>
        </test-method> <!-- validRegisterationTest -->
        <test-method is-config="true" signature="methodLevelSetup()[pri:0, instance:test.RegisterationTest@7ce69770]" started-at="2023-06-19T12:06:47 IST" name="methodLevelSetup" finished-at="2023-06-19T12:06:47 IST" duration-ms="7" status="PASS">
          <reporter-output>
          </reporter-output>
        </test-method> <!-- methodLevelSetup -->
        <test-method is-config="true" signature="afterClassSetup()[pri:0, instance:test.RegisterationTest@7ce69770]" started-at="2023-06-19T12:06:47 IST" name="afterClassSetup" finished-at="2023-06-19T12:06:47 IST" duration-ms="5" status="PASS">
          <reporter-output>
          </reporter-output>
        </test-method> <!-- afterClassSetup -->
        <test-method is-config="true" signature="teardown()[pri:0, instance:test.RegisterationTest@7ce69770]" started-at="2023-06-19T12:06:47 IST" name="teardown" finished-at="2023-06-19T12:06:47 IST" duration-ms="336" status="PASS">
          <reporter-output>
          </reporter-output>
        </test-method> <!-- teardown -->
      </class> <!-- test.RegisterationTest -->
    </test> <!-- Default test -->
  </suite> <!-- Default suite -->
</testng-results>
